This is XeTeX, Version 3.14159265-2.6-0.99999 (TeX Live 2018/W32TeX) (preloaded format=xelatex 2018.10.15)  21 JAN 2019 20:59
entering extended mode
 restricted \write18 enabled.
 %&-line parsing enabled.
**Manual.tex
(./Manual.tex
LaTeX2e <2018-04-01> patch level 2
Babel <3.18> and hyphenation patterns for 6 language(s) loaded.
(c:/texlive/2018/texmf-dist/tex/latex/base/article.cls
Document Class: article 2014/09/29 v1.4h Standard LaTeX document class
(c:/texlive/2018/texmf-dist/tex/latex/base/size10.clo
File: size10.clo 2014/09/29 v1.4h Standard LaTeX file (size option)
)
\c@part=\count80
\c@section=\count81
\c@subsection=\count82
\c@subsubsection=\count83
\c@paragraph=\count84
\c@subparagraph=\count85
\c@figure=\count86
\c@table=\count87
\abovecaptionskip=\skip41
\belowcaptionskip=\skip42
\bibindent=\dimen102
)
(c:/texlive/2018/texmf-dist/tex/latex/graphics/graphicx.sty
Package: graphicx 2017/06/01 v1.1a Enhanced LaTeX Graphics (DPC,SPQR)

(c:/texlive/2018/texmf-dist/tex/latex/graphics/keyval.sty
Package: keyval 2014/10/28 v1.15 key=value parser (DPC)
\KV@toks@=\toks14
)
(c:/texlive/2018/texmf-dist/tex/latex/graphics/graphics.sty
Package: graphics 2017/06/25 v1.2c Standard LaTeX Graphics (DPC,SPQR)

(c:/texlive/2018/texmf-dist/tex/latex/graphics/trig.sty
Package: trig 2016/01/03 v1.10 sin cos tan (DPC)
)
(c:/texlive/2018/texmf-dist/tex/latex/graphics-cfg/graphics.cfg
File: graphics.cfg 2016/06/04 v1.11 sample graphics configuration
)
Package graphics Info: Driver file: xetex.def on input line 99.

(c:/texlive/2018/texmf-dist/tex/latex/graphics-def/xetex.def
File: xetex.def 2017/06/24 v5.0h Graphics/color driver for xetex
))
\Gin@req@height=\dimen103
\Gin@req@width=\dimen104
)
(c:/texlive/2018/texmf-dist/tex/latex/url/url.sty
\Urlmuskip=\muskip10
Package: url 2013/09/16  ver 3.4  Verb mode for urls, etc.
)
(c:/texlive/2018/texmf-dist/tex/latex/amsmath/amsmath.sty
Package: amsmath 2017/09/02 v2.17a AMS math features
\@mathmargin=\skip43

For additional information on amsmath, use the `?' option.
(c:/texlive/2018/texmf-dist/tex/latex/amsmath/amstext.sty
Package: amstext 2000/06/29 v2.01 AMS text

(c:/texlive/2018/texmf-dist/tex/latex/amsmath/amsgen.sty
File: amsgen.sty 1999/11/30 v2.0 generic functions
\@emptytoks=\toks15
\ex@=\dimen105
))
(c:/texlive/2018/texmf-dist/tex/latex/amsmath/amsbsy.sty
Package: amsbsy 1999/11/29 v1.2d Bold Symbols
\pmbraise@=\dimen106
)
(c:/texlive/2018/texmf-dist/tex/latex/amsmath/amsopn.sty
Package: amsopn 2016/03/08 v2.02 operator names
)
\inf@bad=\count88
LaTeX Info: Redefining \frac on input line 213.
\uproot@=\count89
\leftroot@=\count90
LaTeX Info: Redefining \overline on input line 375.
\classnum@=\count91
\DOTSCASE@=\count92
LaTeX Info: Redefining \ldots on input line 472.
LaTeX Info: Redefining \dots on input line 475.
LaTeX Info: Redefining \cdots on input line 596.
\Mathstrutbox@=\box26
\strutbox@=\box27
\big@size=\dimen107
LaTeX Font Info:    Redeclaring font encoding OML on input line 712.
LaTeX Font Info:    Redeclaring font encoding OMS on input line 713.
\macc@depth=\count93
\c@MaxMatrixCols=\count94
\dotsspace@=\muskip11
\c@parentequation=\count95
\dspbrk@lvl=\count96
\tag@help=\toks16
\row@=\count97
\column@=\count98
\maxfields@=\count99
\andhelp@=\toks17
\eqnshift@=\dimen108
\alignsep@=\dimen109
\tagshift@=\dimen110
\tagwidth@=\dimen111
\totwidth@=\dimen112
\lineht@=\dimen113
\@envbody=\toks18
\multlinegap=\skip44
\multlinetaggap=\skip45
\mathdisplay@stack=\toks19
LaTeX Info: Redefining \[ on input line 2817.
LaTeX Info: Redefining \] on input line 2818.
)
(c:/texlive/2018/texmf-dist/tex/latex/hyperref/hyperref.sty
Package: hyperref 2018/02/06 v6.86b Hypertext links for LaTeX

(c:/texlive/2018/texmf-dist/tex/generic/oberdiek/hobsub-hyperref.sty
Package: hobsub-hyperref 2016/05/16 v1.14 Bundle oberdiek, subset hyperref (HO)


(c:/texlive/2018/texmf-dist/tex/generic/oberdiek/hobsub-generic.sty
Package: hobsub-generic 2016/05/16 v1.14 Bundle oberdiek, subset generic (HO)
Package: hobsub 2016/05/16 v1.14 Construct package bundles (HO)
Package: infwarerr 2016/05/16 v1.4 Providing info/warning/error messages (HO)
Package: ltxcmds 2016/05/16 v1.23 LaTeX kernel commands for general use (HO)
Package: ifluatex 2016/05/16 v1.4 Provides the ifluatex switch (HO)
Package ifluatex Info: LuaTeX not detected.
Package: ifvtex 2016/05/16 v1.6 Detect VTeX and its facilities (HO)
Package ifvtex Info: VTeX not detected.
Package: intcalc 2016/05/16 v1.2 Expandable calculations with integers (HO)
Package: ifpdf 2017/03/15 v3.2 Provides the ifpdf switch
Package: etexcmds 2016/05/16 v1.6 Avoid name clashes with e-TeX commands (HO)
Package etexcmds Info: Could not find \expanded.
(etexcmds)             That can mean that you are not using pdfTeX 1.50 or
(etexcmds)             that some package has redefined \expanded.
(etexcmds)             In the latter case, load this package earlier.
Package: kvsetkeys 2016/05/16 v1.17 Key value parser (HO)
Package: kvdefinekeys 2016/05/16 v1.4 Define keys (HO)
Package: pdftexcmds 2018/01/30 v0.27 Utility functions of pdfTeX for LuaTeX (HO
)
Package pdftexcmds Info: LuaTeX not detected.
Package pdftexcmds Info: pdfTeX >= 1.30 not detected.
Package pdftexcmds Info: \pdf@primitive is available.
Package pdftexcmds Info: \pdf@ifprimitive is available.
Package pdftexcmds Info: \pdfdraftmode not found.
Package: pdfescape 2016/05/16 v1.14 Implements pdfTeX's escape features (HO)
Package: bigintcalc 2016/05/16 v1.4 Expandable calculations on big integers (HO
)
Package: bitset 2016/05/16 v1.2 Handle bit-vector datatype (HO)
Package: uniquecounter 2016/05/16 v1.3 Provide unlimited unique counter (HO)
)
Package hobsub Info: Skipping package `hobsub' (already loaded).
Package: letltxmacro 2016/05/16 v1.5 Let assignment for LaTeX macros (HO)
Package: hopatch 2016/05/16 v1.3 Wrapper for package hooks (HO)
Package: xcolor-patch 2016/05/16 xcolor patch
Package: atveryend 2016/05/16 v1.9 Hooks at the very end of document (HO)
Package atveryend Info: \enddocument detected (standard20110627).
Package: atbegshi 2016/06/09 v1.18 At begin shipout hook (HO)
Package: refcount 2016/05/16 v3.5 Data extraction from label references (HO)
Package: hycolor 2016/05/16 v1.8 Color options for hyperref/bookmark (HO)
)
(c:/texlive/2018/texmf-dist/tex/generic/ifxetex/ifxetex.sty
Package: ifxetex 2010/09/12 v0.6 Provides ifxetex conditional
)
(c:/texlive/2018/texmf-dist/tex/latex/oberdiek/auxhook.sty
Package: auxhook 2016/05/16 v1.4 Hooks for auxiliary files (HO)
)
(c:/texlive/2018/texmf-dist/tex/latex/oberdiek/kvoptions.sty
Package: kvoptions 2016/05/16 v3.12 Key value format for package options (HO)
)
\@linkdim=\dimen114
\Hy@linkcounter=\count100
\Hy@pagecounter=\count101

(c:/texlive/2018/texmf-dist/tex/latex/hyperref/pd1enc.def
File: pd1enc.def 2018/02/06 v6.86b Hyperref: PDFDocEncoding definition (HO)
)
\Hy@SavedSpaceFactor=\count102

(c:/texlive/2018/texmf-dist/tex/latex/latexconfig/hyperref.cfg
File: hyperref.cfg 2002/06/06 v1.2 hyperref configuration of TeXLive
)
Package hyperref Info: Option `colorlinks' set `true' on input line 4383.
Package hyperref Info: Hyper figures OFF on input line 4509.
Package hyperref Info: Link nesting OFF on input line 4514.
Package hyperref Info: Hyper index ON on input line 4517.
Package hyperref Info: Plain pages OFF on input line 4524.
Package hyperref Info: Backreferencing OFF on input line 4529.
Package hyperref Info: Implicit mode ON; LaTeX internals redefined.
Package hyperref Info: Bookmarks ON on input line 4762.
\c@Hy@tempcnt=\count103
LaTeX Info: Redefining \url on input line 5115.
\XeTeXLinkMargin=\dimen115
\Fld@menulength=\count104
\Field@Width=\dimen116
\Fld@charsize=\dimen117
Package hyperref Info: Hyper figures OFF on input line 6369.
Package hyperref Info: Link nesting OFF on input line 6374.
Package hyperref Info: Hyper index ON on input line 6377.
Package hyperref Info: backreferencing OFF on input line 6384.
Package hyperref Info: Link coloring ON on input line 6387.
Package hyperref Info: Link coloring with OCG OFF on input line 6394.
Package hyperref Info: PDF/A mode OFF on input line 6399.
LaTeX Info: Redefining \ref on input line 6439.
LaTeX Info: Redefining \pageref on input line 6443.
\Hy@abspage=\count105
\c@Item=\count106
\c@Hfootnote=\count107
)
Package hyperref Info: Driver (autodetected): hxetex.

(c:/texlive/2018/texmf-dist/tex/latex/hyperref/hxetex.def
File: hxetex.def 2018/02/06 v6.86b Hyperref driver for XeTeX

(c:/texlive/2018/texmf-dist/tex/latex/hyperref/puenc.def
File: puenc.def 2018/02/06 v6.86b Hyperref: PDF Unicode definition (HO)
)
(c:/texlive/2018/texmf-dist/tex/generic/oberdiek/stringenc.sty
Package: stringenc 2016/05/16 v1.11 Convert strings between diff. encodings (HO
)
)
\pdfm@box=\box28
\c@Hy@AnnotLevel=\count108
\HyField@AnnotCount=\count109
\Fld@listcount=\count110
\c@bookmark@seq@number=\count111

(c:/texlive/2018/texmf-dist/tex/latex/oberdiek/rerunfilecheck.sty
Package: rerunfilecheck 2016/05/16 v1.8 Rerun checks for auxiliary files (HO)
Package uniquecounter Info: New unique counter `rerunfilecheck' on input line 2
82.
)
\Hy@SectionHShift=\skip46
)
(c:/texlive/2018/texmf-dist/tex/latex/graphics/color.sty
Package: color 2016/07/10 v1.1e Standard LaTeX Color (DPC)

(c:/texlive/2018/texmf-dist/tex/latex/graphics-cfg/color.cfg
File: color.cfg 2016/01/02 v1.6 sample color configuration
)
Package color Info: Driver file: xetex.def on input line 147.
)

LaTeX Warning: Unused global option(s):
    [journal].

(./Manual.aux)
\openout1 = `Manual.aux'.

LaTeX Font Info:    Checking defaults for OML/cmm/m/it on input line 29.
LaTeX Font Info:    ... okay on input line 29.
LaTeX Font Info:    Checking defaults for T1/cmr/m/n on input line 29.
LaTeX Font Info:    ... okay on input line 29.
LaTeX Font Info:    Checking defaults for OT1/cmr/m/n on input line 29.
LaTeX Font Info:    ... okay on input line 29.
LaTeX Font Info:    Checking defaults for OMS/cmsy/m/n on input line 29.
LaTeX Font Info:    ... okay on input line 29.
LaTeX Font Info:    Checking defaults for TU/lmr/m/n on input line 29.
LaTeX Font Info:    ... okay on input line 29.
LaTeX Font Info:    Checking defaults for OMX/cmex/m/n on input line 29.
LaTeX Font Info:    ... okay on input line 29.
LaTeX Font Info:    Checking defaults for U/cmr/m/n on input line 29.
LaTeX Font Info:    ... okay on input line 29.
LaTeX Font Info:    Checking defaults for PD1/pdf/m/n on input line 29.
LaTeX Font Info:    ... okay on input line 29.
LaTeX Font Info:    Checking defaults for PU/pdf/m/n on input line 29.
LaTeX Font Info:    ... okay on input line 29.
\AtBeginShipoutBox=\box29
Package hyperref Info: Link coloring ON on input line 29.
 (c:/texlive/2018/texmf-dist/tex/latex/hyperref/nameref.sty
Package: nameref 2016/05/21 v2.44 Cross-referencing by name of section

(c:/texlive/2018/texmf-dist/tex/generic/oberdiek/gettitlestring.sty
Package: gettitlestring 2016/05/16 v1.5 Cleanup title references (HO)
)
\c@section@level=\count112
)
LaTeX Info: Redefining \ref on input line 29.
LaTeX Info: Redefining \pageref on input line 29.
LaTeX Info: Redefining \nameref on input line 29.

(./Manual.out) (./Manual.out)
\@outlinefile=\write3
\openout3 = `Manual.out'.


(c:/texlive/2018/texmf-dist/tex/generic/oberdiek/se-ascii-print.def
File: se-ascii-print.def 2016/05/16 v1.11 stringenc: Printable ASCII characters

) [1

]
(./Manual.toc)
\tf@toc=\write4
\openout4 = `Manual.toc'.

 [2

]
File: fig47.png Graphic file (type bmp)
<fig47.png>
 [3

] [4]
File: fig48.png Graphic file (type bmp)
<fig48.png>
File: fuzzy_logic_example.png Graphic file (type bmp)
<fuzzy_logic_example.png>
 [5] [6]
File: fig49.png Graphic file (type bmp)
<fig49.png>
File: fuzzy_logic_example1.png Graphic file (type bmp)
<fuzzy_logic_example1.png>
 [7

]
File: fig50.png Graphic file (type bmp)
<fig50.png>

Overfull \hbox (0.32701pt too wide) in paragraph at lines 211--213
[]\TU/lmr/m/n/10 It includes three main functions: continuous Petri net modelin
g, fuzzy (Mam-
 []

[8] [9]
File: fig1.png Graphic file (type bmp)
<fig1.png>
 [10

]
File: fig2.png Graphic file (type bmp)
<fig2.png>
File: fig3.png Graphic file (type bmp)
<fig3.png>
 [11]
File: fig4.png Graphic file (type bmp)
<fig4.png>
 [12]
File: fig5.png Graphic file (type bmp)
<fig5.png>
File: fig7.png Graphic file (type bmp)
<fig7.png>
 [13] [14]
File: fig8.png Graphic file (type bmp)
<fig8.png>
File: fig9.png Graphic file (type bmp)
<fig9.png>
File: fig9_1.png Graphic file (type bmp)
<fig9_1.png>
File: fig9_2.png Graphic file (type bmp)
<fig9_2.png>
 [15] [16] [17]
File: fig10.png Graphic file (type bmp)
<fig10.png>
File: fig6.png Graphic file (type bmp)
<fig6.png>
 [18

] [19]
File: fig11.png Graphic file (type bmp)
<fig11.png>
File: fig12.png Graphic file (type bmp)
<fig12.png>
 [20

]
File: fig13.png Graphic file (type bmp)
<fig13.png>
File: fig14.png Graphic file (type bmp)
<fig14.png>
File: fig18.png Graphic file (type bmp)
<fig18.png>
 [21

] [22]
File: fig15.png Graphic file (type bmp)
<fig15.png>
File: fig19.png Graphic file (type bmp)
<fig19.png>
File: fig16.png Graphic file (type bmp)
<fig16.png>
File: fig17.png Graphic file (type bmp)
<fig17.png>

[23] [24]
File: fig20.png Graphic file (type bmp)
<fig20.png>
File: fig31.png Graphic file (type bmp)
<fig31.png>
File: fig32.png Graphic file (type bmp)
<fig32.png>
File: fig33.png Graphic file (type bmp)
<fig33.png>
File: fig34.png Graphic file (type bmp)
<fig34.png>
File: fig35.png Graphic file (type bmp)
<fig35.png>
File: fig36.png Graphic file (type bmp)
<fig36.png>
File: fig37.png Graphic file (type bmp)
<fig37.png>
File: fig38.png Graphic file (type bmp)
<fig38.png>
File: fig39.png Graphic file (type bmp)
<fig39.png>
File: fig40.png Graphic file (type bmp)
<fig40.png>
 [25

] [26] [27] [28] [29]
File: fig21.png Graphic file (type bmp)
<fig21.png>
File: fig22.png Graphic file (type bmp)
<fig22.png>
File: fig23.png Graphic file (type bmp)
<fig23.png>
File: fig24.png Graphic file (type bmp)
<fig24.png>
 [30

] [31] [32]
File: fig25.png Graphic file (type bmp)
<fig25.png>
File: fig41.png Graphic file (type bmp)
<fig41.png>
File: fig42.png Graphic file (type bmp)
<fig42.png>
File: fig43.png Graphic file (type bmp)
<fig43.png>
File: fig26.png Graphic file (type bmp)
<fig26.png>
File: fig27.png Graphic file (type bmp)
<fig27.png>
 [33

] [34] [35]
File: fig28.png Graphic file (type bmp)
<fig28.png>
File: fig44.png Graphic file (type bmp)
<fig44.png>
File: fig45.png Graphic file (type bmp)
<fig45.png>
File: fig46.png Graphic file (type bmp)
<fig46.png>

Overfull \hbox (39.23001pt too wide) in paragraph at lines 857--858
[]\TU/lmr/m/n/10 When using T-S, we choose to change the arc from k3 to Raf_1St
ar_RKIP_ERK_PP
 []

File: fig29.png Graphic file (type bmp)
<fig29.png>
File: fig30.png Graphic file (type bmp)
<fig30.png>
[36

] [37] [38] [39]
File: fig53.png Graphic file (type bmp)
<fig53.png>
File: fig57.png Graphic file (type bmp)
<fig57.png>
File: fig58.png Graphic file (type bmp)
<fig58.png>
File: fig59.png Graphic file (type bmp)
<fig59.png>
File: fig57.png Graphic file (type bmp)
<fig57.png>
File: fig60.png Graphic file (type bmp)
<fig60.png>
 [40

]
File: fig54.png Graphic file (type bmp)
<fig54.png>
File: fig55.png Graphic file (type bmp)
<fig55.png>
File: fig56.png Graphic file (type bmp)
<fig56.png>
 [41] [42] [43] [44] (./Manual.bbl
Underfull \hbox (badness 2980) in paragraph at lines 14--18
[]\TU/lmr/m/n/10 Fuzzy inference process.  [][]$[][][][][] [] [] [] [][][] [] [
][][][][][][][][] [] [][][] [] [][][][] [] [][][][][] []
 []


Underfull \hbox (badness 1127) in paragraph at lines 37--40
[]\TU/lmr/m/n/10 Raf kinase inhibitor protein.  [][]$[][][][][] [] [] [] [][] [
] [][][][][][][][][] [] [][][] [] [][][][] [] [][][] []
 []

)
Package atveryend Info: Empty hook `BeforeClearDocument' on input line 1011.
 [45

]
Package atveryend Info: Empty hook `AfterLastShipout' on input line 1011.
 (./Manual.aux)
Package atveryend Info: Empty hook `AtVeryEndDocument' on input line 1011.
Package atveryend Info: Executing hook `AtEndAfterFileList' on input line 1011.

Package rerunfilecheck Info: File `Manual.out' has not changed.
(rerunfilecheck)             Checksum: CF0A8126D592B55BA6F62B41A7DC66D4.
Package atveryend Info: Empty hook `AtVeryVeryEnd' on input line 1011.
 ) 
Here is how much of TeX's memory you used:
 8997 strings out of 494895
 125502 string characters out of 6176371
 206582 words of memory out of 5000000
 12774 multiletter control sequences out of 15000+600000
 7936 words of font info for 38 fonts, out of 8000000 for 9000
 36 hyphenation exceptions out of 8191
 28i,10n,45p,792b,398s stack positions out of 5000i,500n,10000p,200000b,80000s

Output written on Manual.pdf (45 pages).
