\BOOKMARK [1][-]{section.1}{Introduction}{}% 1
\BOOKMARK [2][-]{subsection.1.1}{Petri\040nets}{section.1}% 2
\BOOKMARK [2][-]{subsection.1.2}{Continuous\040Petri\040nets}{section.1}% 3
\BOOKMARK [2][-]{subsection.1.3}{Fuzzy\040logic}{section.1}% 4
\BOOKMARK [3][-]{subsubsection.1.3.1}{Mamdani\040Fuzzy\040Inference}{subsection.1.3}% 5
\BOOKMARK [3][-]{subsubsection.1.3.2}{T-S\040Fuzzy\040Inference}{subsection.1.3}% 6
\BOOKMARK [2][-]{subsection.1.4}{Fuzzy\040continuous\040Petri\040nets}{section.1}% 7
\BOOKMARK [2][-]{subsection.1.5}{Our\040tool}{section.1}% 8
\BOOKMARK [2][-]{subsection.1.6}{Features\040-\040overview}{section.1}% 9
\BOOKMARK [3][-]{subsubsection.1.6.1}{Features\040for\040modeling}{subsection.1.6}% 10
\BOOKMARK [3][-]{subsubsection.1.6.2}{Features\040for\040simulation}{subsection.1.6}% 11
\BOOKMARK [1][-]{section.2}{Modeling}{}% 12
\BOOKMARK [2][-]{subsection.2.1}{An\040overview\040of\040the\040main\040interface}{section.2}% 13
\BOOKMARK [2][-]{subsection.2.2}{Draw\040a\040net}{section.2}% 14
\BOOKMARK [3][-]{subsubsection.2.2.1}{Edit\040a\040place}{subsection.2.2}% 15
\BOOKMARK [3][-]{subsubsection.2.2.2}{Edit\040a\040transition}{subsection.2.2}% 16
\BOOKMARK [3][-]{subsubsection.2.2.3}{Edit\040an\040arc}{subsection.2.2}% 17
\BOOKMARK [3][-]{subsubsection.2.2.4}{Use\040FIS}{subsection.2.2}% 18
\BOOKMARK [1][-]{section.3}{Simulation}{}% 19
\BOOKMARK [2][-]{subsection.3.1}{Run\040simulation}{section.3}% 20
\BOOKMARK [2][-]{subsection.3.2}{Show\040simulation\040results}{section.3}% 21
\BOOKMARK [2][-]{subsection.3.3}{Export\040simulation\040results}{section.3}% 22
\BOOKMARK [2][-]{subsection.3.4}{Rich\040functions}{section.3}% 23
\BOOKMARK [1][-]{section.4}{Examples}{}% 24
\BOOKMARK [2][-]{subsection.4.1}{1D\040Diffusion\040Reaction}{section.4}% 25
\BOOKMARK [3][-]{subsubsection.4.1.1}{Introduction}{subsection.4.1}% 26
\BOOKMARK [3][-]{subsubsection.4.1.2}{Model}{subsection.4.1}% 27
\BOOKMARK [3][-]{subsubsection.4.1.3}{Simulation\040result}{subsection.4.1}% 28
\BOOKMARK [2][-]{subsection.4.2}{Enzyme}{section.4}% 29
\BOOKMARK [3][-]{subsubsection.4.2.1}{Introduction}{subsection.4.2}% 30
\BOOKMARK [3][-]{subsubsection.4.2.2}{Model}{subsection.4.2}% 31
\BOOKMARK [3][-]{subsubsection.4.2.3}{Simulation\040result}{subsection.4.2}% 32
\BOOKMARK [2][-]{subsection.4.3}{RKIP}{section.4}% 33
\BOOKMARK [3][-]{subsubsection.4.3.1}{Introduction}{subsection.4.3}% 34
\BOOKMARK [3][-]{subsubsection.4.3.2}{Model}{subsection.4.3}% 35
\BOOKMARK [3][-]{subsubsection.4.3.3}{Simulation\040result}{subsection.4.3}% 36
\BOOKMARK [2][-]{subsection.4.4}{6-MP\040metabolism}{section.4}% 37
\BOOKMARK [3][-]{subsubsection.4.4.1}{Introduction}{subsection.4.4}% 38
\BOOKMARK [3][-]{subsubsection.4.4.2}{Model}{subsection.4.4}% 39
\BOOKMARK [3][-]{subsubsection.4.4.3}{Simulation\040result}{subsection.4.4}% 40
